Determining if the pthread_create exist failed with the following output:
Change Dir: /home/ahl54/opt/taxator-tk/Build-x86_64/CMakeFiles/CMakeTmp

Run Build Command:/usr/bin/gmake "cmTryCompileExec909407214/fast"
/usr/bin/gmake -f CMakeFiles/cmTryCompileExec909407214.dir/build.make CMakeFiles/cmTryCompileExec909407214.dir/build
gmake[1]: Entering directory `/home/ahl54/opt/taxator-tk/Build-x86_64/CMakeFiles/CMakeTmp'
/usr/bin/cmake -E cmake_progress_report /home/ahl54/opt/taxator-tk/Build-x86_64/CMakeFiles/CMakeTmp/CMakeFiles 1
Building C object CMakeFiles/cmTryCompileExec909407214.dir/CheckSymbolExists.c.o
/cm/shared/apps/gcc/4.8.1/bin/gcc    -o CMakeFiles/cmTryCompileExec909407214.dir/CheckSymbolExists.c.o   -c /home/ahl54/opt/taxator-tk/Build-x86_64/CMakeFiles/CMakeTmp/CheckSymbolExists.c
Linking C executable cmTryCompileExec909407214
/usr/bin/cmake -E cmake_link_script CMakeFiles/cmTryCompileExec909407214.dir/link.txt --verbose=1
/cm/shared/apps/gcc/4.8.1/bin/gcc       CMakeFiles/cmTryCompileExec909407214.dir/CheckSymbolExists.c.o  -o cmTryCompileExec909407214 -rdynamic 
CMakeFiles/cmTryCompileExec909407214.dir/CheckSymbolExists.c.o: In function `main':
CheckSymbolExists.c:(.text+0x16): undefined reference to `pthread_create'
collect2: error: ld returned 1 exit status
gmake[1]: *** [cmTryCompileExec909407214] Error 1
gmake[1]: Leaving directory `/home/ahl54/opt/taxator-tk/Build-x86_64/CMakeFiles/CMakeTmp'
gmake: *** [cmTryCompileExec909407214/fast] Error 2

File /home/ahl54/opt/taxator-tk/Build-x86_64/CMakeFiles/CMakeTmp/CheckSymbolExists.c:
/* */
#include <pthread.h>

int main(int argc, char** argv)
{
  (void)argv;
#ifndef pthread_create
  return ((int*)(&pthread_create))[argc];
#else
  (void)argc;
  return 0;
#endif
}

Determining if the function pthread_create exists in the pthreads failed with the following output:
Change Dir: /home/ahl54/opt/taxator-tk/Build-x86_64/CMakeFiles/CMakeTmp

Run Build Command:/usr/bin/gmake "cmTryCompileExec1091035638/fast"
/usr/bin/gmake -f CMakeFiles/cmTryCompileExec1091035638.dir/build.make CMakeFiles/cmTryCompileExec1091035638.dir/build
gmake[1]: Entering directory `/home/ahl54/opt/taxator-tk/Build-x86_64/CMakeFiles/CMakeTmp'
/usr/bin/cmake -E cmake_progress_report /home/ahl54/opt/taxator-tk/Build-x86_64/CMakeFiles/CMakeTmp/CMakeFiles 1
Building C object CMakeFiles/cmTryCompileExec1091035638.dir/CheckFunctionExists.c.o
/cm/shared/apps/gcc/4.8.1/bin/gcc   -DCHECK_FUNCTION_EXISTS=pthread_create   -o CMakeFiles/cmTryCompileExec1091035638.dir/CheckFunctionExists.c.o   -c /usr/share/cmake/Modules/CheckFunctionExists.c
Linking C executable cmTryCompileExec1091035638
/usr/bin/cmake -E cmake_link_script CMakeFiles/cmTryCompileExec1091035638.dir/link.txt --verbose=1
/cm/shared/apps/gcc/4.8.1/bin/gcc   -DCHECK_FUNCTION_EXISTS=pthread_create    CMakeFiles/cmTryCompileExec1091035638.dir/CheckFunctionExists.c.o  -o cmTryCompileExec1091035638 -rdynamic -lpthreads 
/usr/bin/ld: cannot find -lpthreads
collect2: error: ld returned 1 exit status
gmake[1]: *** [cmTryCompileExec1091035638] Error 1
gmake[1]: Leaving directory `/home/ahl54/opt/taxator-tk/Build-x86_64/CMakeFiles/CMakeTmp'
gmake: *** [cmTryCompileExec1091035638/fast] Error 2


